<?xml version="1.0" encoding="UTF-8"?>
<testng-results skipped="0" failed="0" ignored="0" total="1" passed="1">
  <reporter-output>
  </reporter-output>
  <suite name="Default suite" duration-ms="4337" started-at="2023-05-29T20:29:00 IST" finished-at="2023-05-29T20:29:05 IST">
    <groups>
    </groups>
    <test name="Default test" duration-ms="4337" started-at="2023-05-29T20:29:00 IST" finished-at="2023-05-29T20:29:05 IST">
      <class name="extentt.e1">
        <test-method status="PASS" signature="startTest()[pri:0, instance:extentt.e1@4abdb505]" name="startTest" is-config="true" duration-ms="126" started-at="2023-05-29T20:29:00 IST" finished-at="2023-05-29T20:29:00 IST">
          <reporter-output>
          </reporter-output>
        </test-method> <!-- startTest -->
        <test-method status="PASS" signature="extentReportsDemo()[pri:0, instance:extentt.e1@4abdb505]" name="extentReportsDemo" duration-ms="3886" started-at="2023-05-29T20:29:00 IST" finished-at="2023-05-29T20:29:04 IST">
          <reporter-output>
          </reporter-output>
        </test-method> <!-- extentReportsDemo -->
        <test-method status="PASS" signature="endTest()[pri:0, instance:extentt.e1@4abdb505]" name="endTest" is-config="true" duration-ms="280" started-at="2023-05-29T20:29:04 IST" finished-at="2023-05-29T20:29:05 IST">
          <reporter-output>
          </reporter-output>
        </test-method> <!-- endTest -->
      </class> <!-- extentt.e1 -->
    </test> <!-- Default test -->
  </suite> <!-- Default suite -->
</testng-results>
